Successfully fetched the data from site https://www.314e.com/
Level ------------------------------------------------ 1
Site --> https://www.314e.com/ is not valid or is already searched.
Site --> javascript:void(0); is not valid or is already searched.
Site --> # is not valid or is already searched.
Site --> # is not valid or is already searched.
Trying to fetch data from site --> https://www.314e.com/products/muspell-cdr/
Successfully fetched the data from site https://www.314e.com/products/muspell-cdr/
Trying to fetch data from site --> https://www.314e.com/products/muspell-automaton/
Successfully fetched the data from site https://www.314e.com/products/muspell-automaton/
Trying to fetch data from site --> https://www.314e.com/products/speki-ehr-help/
Successfully fetched the data from site https://www.314e.com/products/speki-ehr-help/
Site --> # is not valid or is already searched.
Site --> # is not valid or is already searched.
Trying to fetch data from site --> https://www.314e.com/services/ehr-advisory-services/
Successfully fetched the data from site https://www.314e.com/services/ehr-advisory-services/
Trying to fetch data from site --> https://www.314e.com/services/ehr-implementation-services/
Successfully fetched the data from site https://www.314e.com/services/ehr-implementation-services/
Trying to fetch data from site --> https://www.314e.com/services/training/
Successfully fetched the data from site https://www.314e.com/services/training/
Trying to fetch data from site --> https://www.314e.com/services/ehr-go-live-support/
Successfully fetched the data from site https://www.314e.com/services/ehr-go-live-support/
Trying to fetch data from site --> https://www.314e.com/services/digital-learning/
Successfully fetched the data from site https://www.314e.com/services/digital-learning/
Trying to fetch data from site --> https://www.314e.com/services/optimization-and-upgrades/
Successfully fetched the data from site https://www.314e.com/services/optimization-and-upgrades/
Site --> # is not valid or is already searched.
Trying to fetch data from site --> https://www.314e.com/services/cures-act-provider-solutions/
Successfully fetched the data from site https://www.314e.com/services/cures-act-provider-solutions/
Trying to fetch data from site --> https://www.314e.com/services/cures-act-payer-solutions/
Successfully fetched the data from site https://www.314e.com/services/cures-act-payer-solutions/
Trying to fetch data from site --> https://www.314e.com/services/ehr-interfaces/
Successfully fetched the data from site https://www.314e.com/services/ehr-interfaces/
Trying to fetch data from site --> https://www.314e.com/services/data-conversion-archival/
Successfully fetched the data from site https://www.314e.com/services/data-conversion-archival/
Site --> # is not valid or is already searched.
Trying to fetch data from site --> https://www.314e.com/services/business-intelligence/
Successfully fetched the data from site https://www.314e.com/services/business-intelligence/
Trying to fetch data from site --> https://www.314e.com/services/big-data/
Successfully fetched the data from site https://www.314e.com/services/big-data/
Trying to fetch data from site --> https://www.314e.com/services/data-science-ai/
Successfully fetched the data from site https://www.314e.com/services/data-science-ai/
Site --> # is not valid or is already searched.
Trying to fetch data from site --> https://www.314e.com/services/custom-programming/
Successfully fetched the data from site https://www.314e.com/services/custom-programming/
Trying to fetch data from site --> https://www.314e.com/services/cloud-adoption/
Successfully fetched the data from site https://www.314e.com/services/cloud-adoption/
Trying to fetch data from site --> https://www.314e.com/services/it-testing/
Successfully fetched the data from site https://www.314e.com/services/it-testing/
Site --> # is not valid or is already searched.
Trying to fetch data from site --> https://www.314e.com/services/managed-services/
Successfully fetched the data from site https://www.314e.com/services/managed-services/
Trying to fetch data from site --> https://www.314e.com/services/healthcare-it-staff-augmentation/
Successfully fetched the data from site https://www.314e.com/services/healthcare-it-staff-augmentation/
Trying to fetch data from site --> https://www.314e.com/services/it-offshore-services/
Successfully fetched the data from site https://www.314e.com/services/it-offshore-services/
Trying to fetch data from site --> https://www.314e.com/314e-healthcare-blog/
Successfully fetched the data from site https://www.314e.com/314e-healthcare-blog/
Site --> # is not valid or is already searched.
Trying to fetch data from site --> https://www.314e.com/about-314e/
Successfully fetched the data from site https://www.314e.com/about-314e/
Trying to fetch data from site --> https://www.314e.com/about-314e/our-team/
Successfully fetched the data from site https://www.314e.com/about-314e/our-team/
Site --> # is not valid or is already searched.
Trying to fetch data from site --> https://www.314e.com/why-314e/
Successfully fetched the data from site https://www.314e.com/why-314e/
Trying to fetch data from site --> https://www.314e.com/why-314e/apply-online/
Successfully fetched the data from site https://www.314e.com/why-314e/apply-online/
Trying to fetch data from site --> https://www.314e.com/client-testimonials/
Successfully fetched the data from site https://www.314e.com/client-testimonials/
Trying to fetch data from site --> https://www.314e.com/about-314e/industry-affiliations/
Successfully fetched the data from site https://www.314e.com/about-314e/industry-affiliations/
Trying to fetch data from site --> https://www.314e.com/success-stories/
Successfully fetched the data from site https://www.314e.com/success-stories/
Trying to fetch data from site --> https://www.314e.com/contact-us/
Successfully fetched the data from site https://www.314e.com/contact-us/
Site --> https://www.314e.com/client-testimonials/ is not valid or is already searched.
Trying to fetch data from site --> https://www.314e.com/blog/
Successfully fetched the data from site https://www.314e.com/blog/
Trying to fetch data from site --> https://www.314e.com/blog/4-major-considerations-for-healthcare-data-conversion/
Successfully fetched the data from site https://www.314e.com/blog/4-major-considerations-for-healthcare-data-conversion/
Site --> https://www.314e.com/blog/4-major-considerations-for-healthcare-data-conversion/ is not valid or is already searched.
Site --> https://www.314e.com/blog/4-major-considerations-for-healthcare-data-conversion/ is not valid or is already searched.
Trying to fetch data from site --> https://www.314e.com/blog/the-role-of-empi-services-in-data-conversation-for-health-information/
Successfully fetched the data from site https://www.314e.com/blog/the-role-of-empi-services-in-data-conversation-for-health-information/
Site --> https://www.314e.com/blog/the-role-of-empi-services-in-data-conversation-for-health-information/ is not valid or is already searched.
Site --> https://www.314e.com/blog/the-role-of-empi-services-in-data-conversation-for-health-information/ is not valid or is already searched.
Trying to fetch data from site --> https://www.314e.com/blog/how-we-can-support-fellow-healthcare-it-professionals-during-covid-19/
Successfully fetched the data from site https://www.314e.com/blog/how-we-can-support-fellow-healthcare-it-professionals-during-covid-19/
Site --> https://www.314e.com/blog/how-we-can-support-fellow-healthcare-it-professionals-during-covid-19/ is not valid or is already searched.
Site --> https://www.314e.com/blog/how-we-can-support-fellow-healthcare-it-professionals-during-covid-19/ is not valid or is already searched.
Trying to fetch data from site --> https://www.314e.com/blog/5-tips-to-excel-as-a-healthcare-it-consultant-in-covid-times/
Successfully fetched the data from site https://www.314e.com/blog/5-tips-to-excel-as-a-healthcare-it-consultant-in-covid-times/
Site --> https://www.314e.com/blog/5-tips-to-excel-as-a-healthcare-it-consultant-in-covid-times/ is not valid or is already searched.
Site --> https://www.314e.com/blog/5-tips-to-excel-as-a-healthcare-it-consultant-in-covid-times/ is not valid or is already searched.
Site --> # is not valid or is already searched.
Site --> https://www.314e.com/products/muspell-cdr/ is not valid or is already searched.
Site --> https://www.314e.com/products/muspell-automaton/ is not valid or is already searched.
Site --> https://www.314e.com/products/speki-ehr-help/ is not valid or is already searched.
Site --> # is not valid or is already searched.
Site --> https://www.314e.com/services/ehr-advisory-services/ is not valid or is already searched.
Site --> https://www.314e.com/services/ehr-implementation-services/ is not valid or is already searched.
Site --> https://www.314e.com/services/training/ is not valid or is already searched.
Site --> https://www.314e.com/services/ehr-go-live-support/ is not valid or is already searched.
Site --> https://www.314e.com/services/digital-learning/ is not valid or is already searched.
Site --> https://www.314e.com/services/optimization-and-upgrades/ is not valid or is already searched.
Site --> # is not valid or is already searched.
Site --> https://www.314e.com/services/cures-act-provider-solutions/ is not valid or is already searched.
Site --> https://www.314e.com/services/cures-act-payer-solutions/ is not valid or is already searched.
Site --> https://www.314e.com/services/ehr-interfaces/ is not valid or is already searched.
Site --> https://www.314e.com/services/data-conversion-archival/ is not valid or is already searched.
Site --> # is not valid or is already searched.
Site --> https://www.314e.com/services/business-intelligence/ is not valid or is already searched.
Site --> https://www.314e.com/services/big-data/ is not valid or is already searched.
Site --> https://www.314e.com/services/data-science-ai/ is not valid or is already searched.
Site --> # is not valid or is already searched.
Site --> https://www.314e.com/services/managed-services/ is not valid or is already searched.
Site --> https://www.314e.com/services/healthcare-it-staff-augmentation/ is not valid or is already searched.
Site --> https://www.314e.com/services/it-offshore-services/ is not valid or is already searched.
Site --> # is not valid or is already searched.
Site --> https://www.314e.com/services/custom-programming/ is not valid or is already searched.
Site --> https://www.314e.com/services/cloud-adoption/ is not valid or is already searched.
Site --> https://www.314e.com/services/it-testing/ is not valid or is already searched.
Site --> # is not valid or is already searched.
Site --> https://www.314e.com/about-314e/ is not valid or is already searched.
Site --> https://www.314e.com/why-314e/ is not valid or is already searched.
Site --> https://www.314e.com/about-314e/our-team/ is not valid or is already searched.
Site --> https://www.314e.com/about-314e/industry-affiliations/ is not valid or is already searched.
Site --> mailto:info@314e.com is not valid or is already searched.
Trying to fetch data from site --> https://www.linkedin.com/company/286396/admin/
Successfully fetched the data from site https://www.linkedin.com/company/286396/admin/
Trying to fetch data from site --> https://twitter.com/314e
Successfully fetched the data from site https://twitter.com/314e
Trying to fetch data from site --> https://www.facebook.com/314eCorp/
Successfully fetched the data from site https://www.facebook.com/314eCorp/
Site --> # is not valid or is already searched.
Site --> javascript:void(0); is not valid or is already searched.
--------------------------------Sites---------------------------------
https://www.314e.com/
https://www.314e.com/products/muspell-cdr/
https://www.314e.com/products/muspell-automaton/
https://www.314e.com/products/speki-ehr-help/
https://www.314e.com/services/ehr-advisory-services/
https://www.314e.com/services/ehr-implementation-services/
https://www.314e.com/services/training/
https://www.314e.com/services/ehr-go-live-support/
https://www.314e.com/services/digital-learning/
https://www.314e.com/services/optimization-and-upgrades/
https://www.314e.com/services/cures-act-provider-solutions/
https://www.314e.com/services/cures-act-payer-solutions/
https://www.314e.com/services/ehr-interfaces/
https://www.314e.com/services/data-conversion-archival/
https://www.314e.com/services/business-intelligence/
https://www.314e.com/services/big-data/
https://www.314e.com/services/data-science-ai/
https://www.314e.com/services/custom-programming/
https://www.314e.com/services/cloud-adoption/
https://www.314e.com/services/it-testing/
https://www.314e.com/services/managed-services/
https://www.314e.com/services/healthcare-it-staff-augmentation/
https://www.314e.com/services/it-offshore-services/
https://www.314e.com/314e-healthcare-blog/
https://www.314e.com/about-314e/
https://www.314e.com/about-314e/our-team/
https://www.314e.com/why-314e/
https://www.314e.com/why-314e/apply-online/
https://www.314e.com/client-testimonials/
https://www.314e.com/about-314e/industry-affiliations/
https://www.314e.com/success-stories/
https://www.314e.com/contact-us/
https://www.314e.com/blog/
https://www.314e.com/blog/4-major-considerations-for-healthcare-data-conversion/
https://www.314e.com/blog/the-role-of-empi-services-in-data-conversation-for-health-information/
https://www.314e.com/blog/how-we-can-support-fellow-healthcare-it-professionals-during-covid-19/
https://www.314e.com/blog/5-tips-to-excel-as-a-healthcare-it-consultant-in-covid-times/
https://www.linkedin.com/company/286396/admin/
https://twitter.com/314e
https://www.facebook.com/314eCorp/
----------------------------------------------------------------------
----------------------------------WordCountData-----------------------------------
{'and': 863, 'to': 645, 'the': 533, 'EHR': 503, '314e': 464, 'Data': 457, 'Services': 451, 'of': 451, 'IT': 378, 'a': 362}
--------------------------------WordPairCountData---------------------------------
{('Healthcare', 'IT'): 178, ('Cures', 'Act'): 166, ('Cloud', 'Adoption'): 113, ('Data', 'Conversion'): 90, ('Muspell', 'CDR'): 88, ('Muspell', 'Automaton'): 87, ('Data', 'Analytics'): 87, ('Staff', 'Augmentation'): 87, ('Big', 'Data'): 86, ('Go', 'Live'): 84}
----------------------------------------------------------------------------------
